# JRE version: OpenJDK Runtime Environment (7.0_65-b32) (build 1.7.0_65-b32)
# Java VM: OpenJDK 64-Bit Server VM (24.65-b04 mixed mode linux-amd64 compressed oops)
Heap
 PSYoungGen      total 73728K, used 13080K [0x00000000eaa80000, 0x00000000f0280000, 0x0000000100000000)
  eden space 59392K, 0% used [0x00000000eaa80000,0x00000000eaa80000,0x00000000ee480000)
  from space 14336K, 91% used [0x00000000ee480000,0x00000000ef146338,0x00000000ef280000)
  to   space 12288K, 0% used [0x00000000ef280000,0x00000000ef280000,0x00000000efe80000)
 ParOldGen       total 45056K, used 44367K [0x00000000c0000000, 0x00000000c2c00000, 0x00000000eaa80000)
  object space 45056K, 98% used [0x00000000c0000000,0x00000000c2b53fe0,0x00000000c2c00000)
 PSPermGen       total 21504K, used 7639K [0x00000000b5a00000, 0x00000000b6f00000, 0x00000000c0000000)
  object space 21504K, 35% used [0x00000000b5a00000,0x00000000b6175ee8,0x00000000b6f00000)
GC Heap History (10 events):
Event: 2,459 GC heap after
Heap after GC invocations=2 (full 0):
 PSYoungGen      total 17920K, used 2533K [0x00000000eaa80000, 0x00000000ecd80000, 0x0000000100000000)
  eden space 15360K, 0% used [0x00000000eaa80000,0x00000000eaa80000,0x00000000eb980000)
  from space 2560K, 98% used [0x00000000ebc00000,0x00000000ebe79518,0x00000000ebe80000)
  to   space 2560K, 0% used [0x00000000eb980000,0x00000000eb980000,0x00000000ebc00000)
 ParOldGen       total 40448K, used 4655K [0x00000000c0000000, 0x00000000c2780000, 0x00000000eaa80000)
  object space 40448K, 11% used [0x00000000c0000000,0x00000000c048bde8,0x00000000c2780000)
 PSPermGen       total 21504K, used 5514K [0x00000000b5a00000, 0x00000000b6f00000, 0x00000000c0000000)
  object space 21504K, 25% used [0x00000000b5a00000,0x00000000b5f62bf0,0x00000000b6f00000)
}
Event: 3,549 GC heap before
{Heap before GC invocations=3 (full 0):
 PSYoungGen      total 17920K, used 17893K [0x00000000eaa80000, 0x00000000ecd80000, 0x0000000100000000)
  eden space 15360K, 100% used [0x00000000eaa80000,0x00000000eb980000,0x00000000eb980000)
  from space 2560K, 98% used [0x00000000ebc00000,0x00000000ebe79518,0x00000000ebe80000)
  to   space 2560K, 0% used [0x00000000eb980000,0x00000000eb980000,0x00000000ebc00000)
 ParOldGen       total 40448K, used 4655K [0x00000000c0000000, 0x00000000c2780000, 0x00000000eaa80000)
  object space 40448K, 11% used [0x00000000c0000000,0x00000000c048bde8,0x00000000c2780000)
 PSPermGen       total 21504K, used 6010K [0x00000000b5a00000, 0x00000000b6f00000, 0x00000000c0000000)
  object space 21504K, 27% used [0x00000000b5a00000,0x00000000b5fde9e8,0x00000000b6f00000)
Event: 3,568 GC heap after
Heap after GC invocations=3 (full 0):
 PSYoungGen      total 17920K, used 2533K [0x00000000eaa80000, 0x00000000ecd80000, 0x0000000100000000)
  eden space 15360K, 0% used [0x00000000eaa80000,0x00000000eaa80000,0x00000000eb980000)
  from space 2560K, 98% used [0x00000000eb980000,0x00000000ebbf9530,0x00000000ebc00000)
  to   space 2560K, 0% used [0x00000000ecb00000,0x00000000ecb00000,0x00000000ecd80000)
 ParOldGen       total 40448K, used 8375K [0x00000000c0000000, 0x00000000c2780000, 0x00000000eaa80000)
  object space 40448K, 20% used [0x00000000c0000000,0x00000000c082dfe8,0x00000000c2780000)
 PSPermGen       total 21504K, used 6010K [0x00000000b5a00000, 0x00000000b6f00000, 0x00000000c0000000)
  object space 21504K, 27% used [0x00000000b5a00000,0x00000000b5fde9e8,0x00000000b6f00000)
}
Event: 7,231 GC heap before
{Heap before GC invocations=4 (full 0):
 PSYoungGen      total 17920K, used 17307K [0x00000000eaa80000, 0x00000000ecd80000, 0x0000000100000000)
  eden space 15360K, 96% used [0x00000000eaa80000,0x00000000eb8ed808,0x00000000eb980000)
  from space 2560K, 98% used [0x00000000eb980000,0x00000000ebbf9530,0x00000000ebc00000)
  to   space 2560K, 0% used [0x00000000ecb00000,0x00000000ecb00000,0x00000000ecd80000)
 ParOldGen       total 40448K, used 8375K [0x00000000c0000000, 0x00000000c2780000, 0x00000000eaa80000)
  object space 40448K, 20% used [0x00000000c0000000,0x00000000c082dfe8,0x00000000c2780000)
 PSPermGen       total 21504K, used 7559K [0x00000000b5a00000, 0x00000000b6f00000, 0x00000000c0000000)
  object space 21504K, 35% used [0x00000000b5a00000,0x00000000b6161d98,0x00000000b6f00000)
Event: 7,246 GC heap after
Heap after GC invocations=4 (full 0):
 PSYoungGen      total 33280K, used 2546K [0x00000000eaa80000, 0x00000000ecd80000, 0x0000000100000000)
  eden space 30720K, 0% used [0x00000000eaa80000,0x00000000eaa80000,0x00000000ec880000)
  from space 2560K, 99% used [0x00000000ecb00000,0x00000000ecd7cbf8,0x00000000ecd80000)
  to   space 2560K, 0% used [0x00000000ec880000,0x00000000ec880000,0x00000000ecb00000)
 ParOldGen       total 40448K, used 10082K [0x00000000c0000000, 0x00000000c2780000, 0x00000000eaa80000)
  object space 40448K, 24% used [0x00000000c0000000,0x00000000c09d8bf8,0x00000000c2780000)
 PSPermGen       total 21504K, used 7559K [0x00000000b5a00000, 0x00000000b6f00000, 0x00000000c0000000)
  object space 21504K, 35% used [0x00000000b5a00000,0x00000000b6161d98,0x00000000b6f00000)
}
Event: 8,300 GC heap before
{Heap before GC invocations=5 (full 0):
 PSYoungGen      total 33280K, used 33266K [0x00000000eaa80000, 0x00000000ecd80000, 0x0000000100000000)
  eden space 30720K, 100% used [0x00000000eaa80000,0x00000000ec880000,0x00000000ec880000)
  from space 2560K, 99% used [0x00000000ecb00000,0x00000000ecd7cbf8,0x00000000ecd80000)
  to   space 2560K, 0% used [0x00000000ec880000,0x00000000ec880000,0x00000000ecb00000)
 ParOldGen       total 40448K, used 10082K [0x00000000c0000000, 0x00000000c2780000, 0x00000000eaa80000)
  object space 40448K, 24% used [0x00000000c0000000,0x00000000c09d8bf8,0x00000000c2780000)
 PSPermGen       total 21504K, used 7603K [0x00000000b5a00000, 0x00000000b6f00000, 0x00000000c0000000)
  object space 21504K, 35% used [0x00000000b5a00000,0x00000000b616ccc0,0x00000000b6f00000)
Event: 8,331 GC heap after
Heap after GC invocations=5 (full 0):
 PSYoungGen      total 33280K, used 2552K [0x00000000eaa80000, 0x00000000efe80000, 0x0000000100000000)
  eden space 30720K, 0% used [0x00000000eaa80000,0x00000000eaa80000,0x00000000ec880000)
  from space 2560K, 99% used [0x00000000ec880000,0x00000000ecafe0e0,0x00000000ecb00000)
  to   space 12288K, 0% used [0x00000000ef280000,0x00000000ef280000,0x00000000efe80000)
 ParOldGen       total 40448K, used 20908K [0x00000000c0000000, 0x00000000c2780000, 0x00000000eaa80000)
  object space 40448K, 51% used [0x00000000c0000000,0x00000000c146b390,0x00000000c2780000)
 PSPermGen       total 21504K, used 7603K [0x00000000b5a00000, 0x00000000b6f00000, 0x00000000c0000000)
  object space 21504K, 35% used [0x00000000b5a00000,0x00000000b616ccc0,0x00000000b6f00000)
}
Event: 8,971 GC heap before
{Heap before GC invocations=6 (full 0):
 PSYoungGen      total 33280K, used 33272K [0x00000000eaa80000, 0x00000000efe80000, 0x0000000100000000)
  eden space 30720K, 100% used [0x00000000eaa80000,0x00000000ec880000,0x00000000ec880000)
  from space 2560K, 99% used [0x00000000ec880000,0x00000000ecafe0e0,0x00000000ecb00000)
  to   space 12288K, 0% used [0x00000000ef280000,0x00000000ef280000,0x00000000efe80000)
 ParOldGen       total 40448K, used 20908K [0x00000000c0000000, 0x00000000c2780000, 0x00000000eaa80000)
  object space 40448K, 51% used [0x00000000c0000000,0x00000000c146b390,0x00000000c2780000)
 PSPermGen       total 21504K, used 7629K [0x00000000b5a00000, 0x00000000b6f00000, 0x00000000c0000000)
  object space 21504K, 35% used [0x00000000b5a00000,0x00000000b6173768,0x00000000b6f00000)
Event: 9,005 GC heap after
Heap after GC invocations=6 (full 0):
 PSYoungGen      total 71680K, used 12088K [0x00000000eaa80000, 0x00000000f0280000, 0x0000000100000000)
  eden space 59392K, 0% used [0x00000000eaa80000,0x00000000eaa80000,0x00000000ee480000)
  from space 12288K, 98% used [0x00000000ef280000,0x00000000efe4e0d8,0x00000000efe80000)
  to   space 14336K, 0% used [0x00000000ee480000,0x00000000ee480000,0x00000000ef280000)
 ParOldGen       total 40448K, used 25720K [0x00000000c0000000, 0x00000000c2780000, 0x00000000eaa80000)
  object space 40448K, 63% used [0x00000000c0000000,0x00000000c191e3d0,0x00000000c2780000)
 PSPermGen       total 21504K, used 7629K [0x00000000b5a00000, 0x00000000b6f00000, 0x00000000c0000000)
  object space 21504K, 35% used [0x00000000b5a00000,0x00000000b6173768,0x00000000b6f00000)
}
Event: 9,802 GC heap before
{Heap before GC invocations=7 (full 0):
 PSYoungGen      total 71680K, used 70282K [0x00000000eaa80000, 0x00000000f0280000, 0x0000000100000000)
  eden space 59392K, 97% used [0x00000000eaa80000,0x00000000ee354970,0x00000000ee480000)
  from space 12288K, 98% used [0x00000000ef280000,0x00000000efe4e0d8,0x00000000efe80000)
  to   space 14336K, 0% used [0x00000000ee480000,0x00000000ee480000,0x00000000ef280000)
 ParOldGen       total 40448K, used 25720K [0x00000000c0000000, 0x00000000c2780000, 0x00000000eaa80000)
  object space 40448K, 63% used [0x00000000c0000000,0x00000000c191e3d0,0x00000000c2780000)
 PSPermGen       total 21504K, used 7639K [0x00000000b5a00000, 0x00000000b6f00000, 0x00000000c0000000)
  object space 21504K, 35% used [0x00000000b5a00000,0x00000000b6175ee8,0x00000000b6f00000)

